
<21.18.33.88296> --> /auto --> script: 'auto.py' --> done
<21.18.43.323577> --> /auto --> script: 'auto.py' --> done
<21.19.49.222861> --> /auto --> script: 'auto.py' --> done
<21.20.47.803472> --> /auto --> script: 'auto.py' --> done
<21.20.50.583816> --> /auto --> script: 'auto.py' --> done
<21.21.12.184414> --> /auto --> script: 'auto.py' --> script error :write() argument must be str, not dict
<21.21.15.982559> --> /auto --> script: 'auto.py' --> script error :write() argument must be str, not dict
<21.21.43.62758> --> /auto --> script: 'auto.py' --> script error :write() argument must be str, not dict
<21.21.53.39097> --> /auto --> script: 'auto.py' --> script error :write() argument must be str, not dict
<21.22.15.44142> --> /auto --> script: 'auto.py' --> done
<21.22.18.762312> --> /auto --> script: 'auto.py' --> done
<21.22.21.593113> --> /auto --> script: 'auto.py' --> done
<21.22.24.352637> --> /auto --> script: 'auto.py' --> done
<21.22.27.592202> --> /auto --> script: 'auto.py' --> done
<21.22.48.72478> --> /language en --> script: 'language.py' --> done
<21.22.51.180077> --> /auto --> script: 'auto.py' --> done
<21.22.59.559506> --> /language ru --> script: 'language.py' --> done
<21.23.5.326920> --> /auto --> script: 'auto.py' --> done
<21.23.15.741031> --> /auto --> script: 'auto.py' --> done
<21.23.17.537143> --> /auto --> script: 'auto.py' --> done
<21.25.30.500347> --> /auto --> script: 'auto.py' --> done
<21.25.53.93403> --> /language en --> script: 'language.py' --> done
<21.31.14.868551> --> /language en --> script: 'language.py' --> done
<21.31.25.88051> --> /auto --> script: 'auto.py' --> done
<21.32.34.43959> --> /auto --> script: 'auto.py' --> done
<21.32.37.866788> --> /language en --> script: 'language.py' --> done
<21.32.40.596669> --> /language en --> script: 'language.py' --> done
<21.32.44.408464> --> /auto --> script: 'auto.py' --> done
<21.33.42.823163> --> /auto --> script: 'auto.py' --> done
<21.33.49.681299> --> /language en --> script: 'language.py' --> done
<21.33.53.169211> --> /language ru --> script: 'language.py' --> done
<21.33.54.908586> --> /language en --> script: 'language.py' --> done
<21.33.56.305545> --> /language en --> script: 'language.py' --> done
<21.34.0.289109> --> /language tu --> script: 'language.py' --> done
<21.34.4.552532> --> /language ru --> script: 'language.py' --> done
<21.34.10.911772> --> /auto --> script: 'auto.py' --> done
<21.35.3.650624> --> /language en --> script: 'language.py' --> done
<21.35.8.614110> --> /language ru --> script: 'language.py' --> done
<21.35.9.877505> --> /language en --> script: 'language.py' --> done
<21.35.12.503516> --> /language ru --> script: 'language.py' --> done
<21.35.15.562365> --> /auto --> script: 'auto.py' --> done
<21.38.18.963303> --> /auto --> script: 'auto.py' --> done
<21.38.40.98880> --> /auto --> script: 'auto.py' --> done
<21.38.42.147788> --> /auto --> script: 'auto.py' --> done
<21.38.49.2613> --> /auto --> script: 'auto.py' --> done
<21.38.55.14502> --> /auto --> script: 'auto.py' --> done
<21.40.1.340307> --> /auto --> script: 'auto.py' --> done
<21.41.3.387255> --> /auto --> script: 'auto.py' --> done
<21.41.46.702205> --> /auto --> script: 'auto.py' --> done
<21.42.15.749096> --> /auto --> script: 'auto.py' --> done
<21.42.18.669688> --> /auto --> script: 'auto.py' --> done
<21.42.51.307202> --> /auto --> script: 'auto.py' --> done
<21.43.1.551126> --> /auto --> script: 'auto.py' --> done
<21.43.5.779828> --> /auto --> script: 'auto.py' --> done
<21.43.7.329993> --> /auto --> script: 'auto.py' --> done
<21.43.47.469664> --> /auto --> script: 'auto.py' --> done
<21.43.49.82651> --> /auto --> script: 'auto.py' --> done
<21.43.50.701325> --> /auto --> script: 'auto.py' --> done
<21.43.51.939604> --> /auto --> script: 'auto.py' --> done
<21.44.0.27613> --> /language ru --> script: 'language.py' --> done
<21.44.2.172902> --> /language ru --> script: 'language.py' --> done
<21.44.5.121564> --> /language en --> script: 'language.py' --> done
<21.44.6.865526> --> /language ru --> script: 'language.py' --> done
<21.44.10.815283> --> /language e/languag --> script: 'language.py' --> done
<21.44.15.363791> --> /auto --> script: 'auto.py' --> done
<21.44.18.357837> --> /auto --> script: 'auto.py' --> done
<21.57.19.39715> --> /auto --> script error : 'module 'iso639' has no attribute 'languages'' 
<21.58.14.317824> --> /auto --> script error : 'module 'iso639' has no attribute 'languages'' 
<22.0.8.567552> --> /auto --> script error : 'cannot import name 'languages' from 'iso639' (c:\Users\1\AppData\Local\Programs\Python\Python311\Lib\site-packages\iso639\__init__.py)' 
<22.1.30.16585> --> /auto --> script error : 'cannot import name 'languages' from 'iso639' (unknown location)' 
<22.2.45.896679> --> /auto --> script error : 'cannot import name 'languages' from 'iso639' (unknown location)' 
<22.7.48.977867> --> /auto en --> script error : 'module 'iso639' has no attribute 'languages'' 
<22.10.17.791612> --> /auto en --> script: 'auto.py' --> язык не поддерживается
<22.10.49.320169> --> /auto en --> script: 'auto.py' --> язык не поддерживается
<22.11.43.481392> --> /auto en --> script: 'auto.py' --> язык не поддерживается
<22.12.23.689182> --> /auto en --> script error : 'iso639_3_code' 
<22.12.43.163175> --> /auto en --> script: 'auto.py' --> язык не поддерживается
<22.13.11.702471> --> /auto en --> script error : 'alpha2' 
<22.14.10.758044> --> /auto en --> script: 'auto.py' --> язык не поддерживается
<22.15.10.461673> --> /auto en --> script: 'auto.py' --> язык не поддерживается
<22.37.18.357942> --> /auto en --> script: 'auto.py' --> done
<23.14.9.104780> --> /auto en --> script: 'auto.py' --> done
<23.14.21.211354> --> /auto --> script: 'auto.py' --> script error :list index out of range
<23.16.43.379803> --> /auto --> script: 'auto.py' --> script error :list index out of range
<23.21.35.628715> --> /auto --> script: 'auto.py' --> done
<23.22.21.242352> --> /auto --> script: 'auto.py' --> done
<23.22.48.363115> --> /auto --> script: 'auto.py' --> done
<23.23.32.276962> --> /auto --> script: 'auto.py' --> done
<23.23.36.889914> --> /auto --> script: 'auto.py' --> done
<23.23.40.804008> --> /auto ua --> script: 'auto.py' --> язык не поддерживается
<23.23.45.806274> --> /auto en --> script: 'auto.py' --> done
<23.24.23.946859> --> /auto en --> script: 'auto.py' --> done
<23.24.29.766321> --> /auto --> script: 'auto.py' --> done
<23.24.44.373990> --> /auto en --> script: 'auto.py' --> done
<23.25.12.965104> --> /auto en --> script: 'auto.py' --> script error :cannot access local variable 'datas' where it is not associated with a value
<23.25.36.697314> --> /auto en --> script: 'auto.py' --> script error :write() argument must be str, not dict
<23.26.15.262003> --> /auto en --> script: 'auto.py' --> done
<23.26.28.921976> --> /auto en --> script: 'auto.py' --> done
<23.26.39.678179> --> /auto en --> script: 'auto.py' --> done
<23.26.44.434115> --> /auto easdfqw --> script: 'auto.py' --> язык не поддерживается
<23.33.34.878131> --> /auto easdfqw --> script: 'auto.py' --> done
<23.34.3.138207> --> /auto easdfqw --> script error : 'can only concatenate str (not "NoneType") to str' 
<23.34.9.548072> --> /auto en --> script: 'auto.py' --> done
<23.34.35.97964> --> /auto easdfqw --> script: 'auto.py' --> done
<23.34.53.206330> --> /auto en --> script: 'auto.py' --> done
<23.35.3.108628> --> /auto --> script: 'auto.py' --> done
<23.35.7.721344> --> /auto --> script: 'auto.py' --> script error :list index out of range
<23.39.36.457237> --> /auto --> script error : 'can only concatenate str (not "NoneType") to str' 
<23.40.16.640072> --> /auto --> script error : 'can only concatenate str (not "NoneType") to str' 
<23.40.22.103114> --> /auto en --> script: 'auto.py' --> done
<23.40.26.495148> --> /auto --> script: 'auto.py' --> done
<23.40.32.8132> --> /auto bua --> script: 'auto.py' --> done
<23.46.19.968776> --> /auto --> script: 'auto.py' --> script error :cannot access local variable 'e' where it is not associated with a value
<23.46.45.4797> --> /auto --> script: 'auto.py' --> script error :cannot access local variable 'e' where it is not associated with a value
<23.47.21.575359> --> /auto --> script: 'auto.py' --> done
<23.47.29.684785> --> /auto en --> script: 'auto.py' --> done
<23.47.38.54380> --> /auto bua --> script: 'auto.py' --> done
<23.48.37.912295> --> /auto bua --> script: 'auto.py' --> done
<23.48.43.153394> --> /auto --> script: 'auto.py' --> done
<23.48.51.361049> --> /auto щаа --> script: 'auto.py' --> done
<23.48.55.374258> --> /auto off --> script: 'auto.py' --> done
<23.50.31.988024> --> /help --> script: 'help.py' --> done
<23.50.42.758195> --> /help /language --> script: 'help.py' --> done
<23.50.51.555260> --> /help language --> script: 'help.py' --> done
<23.51.2.713550> --> /help auto --> script: 'help.py' --> done
<23.56.7.368770> --> /auto bua --> script: 'auto.py' --> done
<23.58.2.433998> --> дом auto() missing 2 required positional arguments: 'event' and 'vk'
<23.59.27.707437> --> 'script: translator.py' -->asd auto() missing 2 required positional arguments: 'event' and 'vk'
<0.0.11.420909> --> 'script: translator.py' --> auto() missing 2 required positional arguments: 'event' and 'vk'