
<17.42.15.763682> --> /translate ru хада --> script: 'translator.py' --> done
<17.42.31.418941> --> /translate bua дом на холме --> script: 'translator.py' --> done
<17.43.4.137379> --> /translate bua дом на холме --> script: 'translator.py' --> done
<17.43.44.275172> --> /translate bua дом на холме --> script: 'translator.py' --> done
<17.43.59.283828> --> /translate bua дом на холме --> script: 'translator.py' --> done
<17.46.52.859996> --> /translate bua дом на холме --> script: 'translator.py' --> done
<17.47.5.587439> --> /translate bua дом на холме --> script: 'translator.py' --> done
<17.47.31.637362> --> /translate bua дом на холме не знаю как это сделать в ближайшее время я не могу найти в интернете и не только в россии я в отпуске и не было и в этом --> script: 'translator.py' --> done
<17.55.51.902395> --> /language en --> script: 'language.py' --> script error :Expecting value: line 1 column 1 (char 0)
<17.56.26.535826> --> /language en --> script: 'language.py' --> script error :Expecting value: line 1 column 1 (char 0)
<17.56.48.394893> --> /language en --> script: 'language.py' --> script error :not readable
<17.58.2.94511> --> /language en --> script: 'language.py' --> script error :cannot access local variable 'eventText' where it is not associated with a value
<18.0.25.761900> --> /language en --> script: 'language.py' --> script error :cannot access local variable 'eventText' where it is not associated with a value
<18.1.35.547766> --> /language en --> script: 'language.py' --> done
<18.1.43.292852> --> /language ru --> script: 'language.py' --> done
<18.7.7.684711> --> /auto --> script: 'auto.py' --> done
<18.7.41.426323> --> /auto --> script: 'auto.py' --> done
<18.7.47.448162> --> /language en --> script: 'language.py' --> done
<18.8.27.434686> --> /language en --> script: 'language.py' --> done
<18.8.30.679978> --> /auto --> script: 'auto.py' --> script error :'auto'
<18.9.56.48204> --> /auto --> script: 'auto.py' --> done
<18.10.4.492421> --> /language en --> script: 'language.py' --> done
<18.10.16.63746> --> /language en --> script: 'language.py' --> done
<18.10.19.697852> --> /auto --> script: 'auto.py' --> done
<18.11.0.92011> --> /auto --> script: 'auto.py' --> done
<18.11.4.147706> --> /language en --> script: 'language.py' --> done
<18.11.39.526502> --> /auto --> script: 'auto.py' --> done
<18.11.42.576261> --> /language en --> script: 'language.py' --> done
<18.12.1.981455> --> /auto --> script: 'auto.py' --> done
<18.12.6.491960> --> /language en --> script: 'language.py' --> done
<18.12.42.373354> --> /auto --> script: 'auto.py' --> done
<18.12.45.279874> --> /language en --> script: 'language.py' --> done
<18.13.20.349227> --> /auto --> script: 'auto.py' --> done
<18.13.23.951002> --> /language en --> script: 'language.py' --> done
<18.14.2.834157> --> /auto --> script: 'auto.py' --> script error :'auto'
<18.14.5.253873> --> /language en --> script: 'language.py' --> done
<18.14.36.53125> --> /auto --> script: 'auto.py' --> script error :'auto'
<18.14.41.135413> --> /auto --> script: 'auto.py' --> script error :'auto'
<18.14.43.892418> --> /language en --> script: 'language.py' --> done
<18.15.6.64405> --> /auto --> script: 'auto.py' --> script error :'auto'
<18.15.15.261933> --> /auto --> script: 'auto.py' --> done
<18.15.20.814492> --> /auto --> script: 'auto.py' --> done
<18.15.25.2503> --> /auto --> script: 'auto.py' --> done
<18.15.27.542765> --> /language en --> script: 'language.py' --> done
<18.15.31.826664> --> /auto --> script: 'auto.py' --> done
<18.15.36.354483> --> /language en --> script: 'language.py' --> done
<18.15.42.545774> --> /auto --> script: 'auto.py' --> script error :'auto'
<18.17.43.979676> --> /language en --> script: 'language.py' --> script error :746128749
<18.18.4.116147> --> /language en --> script: 'language.py' --> done
<18.18.33.436556> --> /language en --> script: 'language.py' --> done
<18.18.55.1437> --> /language en --> script: 'language.py' --> done
<18.19.27.91067> --> /auto --> script: 'auto.py' --> script error :'auto'
<18.19.43.670485> --> /auto --> script: 'auto.py' --> done
<18.19.49.617348> --> /language en --> script: 'language.py' --> done
<18.20.29.612075> --> /language en --> script: 'language.py' --> done
<18.20.35.408985> --> /auto --> script: 'auto.py' --> script error :'auto'
<18.21.14.189484> --> /auto --> script: 'auto.py' --> script error :'auto'
<18.22.13.138809> --> /auto --> script: 'auto.py' --> done
<18.22.18.575078> --> /language en --> script: 'language.py' --> done
<18.22.28.685779> --> /auto --> script: 'auto.py' --> done
<18.22.52.83925> --> /language en --> script: 'language.py' --> done
<18.22.53.938125> --> /auto --> script: 'auto.py' --> done
<18.23.2.925188> --> /language en --> script: 'language.py' --> done
<18.23.7.7157> --> /language en --> script: 'language.py' --> done
<18.23.10.234405> --> /auto --> script: 'auto.py' --> done
<18.23.13.17159> --> /language en --> script: 'language.py' --> done
<18.24.23.519438> --> /auto --> script: 'auto.py' --> script error :'en'
<18.24.42.691177> --> /language en --> script: 'language.py' --> script error :'en'
<18.24.59.796304> --> /auto --> script: 'auto.py' --> script error :'en'
<18.25.48.303013> --> /auto --> script: 'auto.py' --> done
<18.25.53.710728> --> /language en --> script: 'language.py' --> done
<18.25.58.114604> --> /auto --> script: 'auto.py' --> done
<18.26.1.613418> --> /language en --> script: 'language.py' --> done
<18.26.37.108119> --> /auto --> script: 'auto.py' --> done
<18.26.41.163543> --> /language en --> script: 'language.py' --> done
<18.27.9.569644> --> /auto --> script: 'auto.py' --> done
<18.27.14.88837> --> /language en --> script: 'language.py' --> done
<18.27.16.549172> --> /auto --> script: 'auto.py' --> done
<18.27.18.673566> --> /language en --> script: 'language.py' --> done
<18.27.21.14056> --> /auto --> script: 'auto.py' --> done
<18.27.22.85058> --> /language en --> script: 'language.py' --> done
<18.27.23.950892> --> /auto --> script: 'auto.py' --> done
<18.27.26.388187> --> /auto --> script: 'auto.py' --> done
<18.27.30.444127> --> /auto --> script: 'auto.py' --> done
<18.28.11.120218> --> /auto --> script: 'auto.py' --> done
<18.28.17.463492> --> /auto --> script: 'auto.py' --> done
<18.28.24.2921> --> /auto --> script: 'auto.py' --> done
<18.28.27.512547> --> /auto --> script: 'auto.py' --> done
<18.28.30.367847> --> /language en --> script: 'language.py' --> script error :unsupported operand type(s) for |: 'str' and 'dict'
<20.56.42.810720> --> /auto --> script: 'auto.py' --> done
<20.56.48.863179> --> /auto --> script: 'auto.py' --> done
<20.58.2.534597> --> /auto --> script: 'auto.py' --> done
<20.58.7.716264> --> /auto --> script: 'auto.py' --> done
<21.35.56.84949> --> /auto --> script: 'auto.py' --> done
<21.36.2.169521> --> /auto --> script: 'auto.py' --> done